{"/Users/mintsaniaina/Dev/task-manager/apps/api/src/app.ts": {"path":"/Users/mintsaniaina/Dev/task-manager/apps/api/src/app.ts","statementMap":{"0":{"start":{"line":14,"column":14},"end":{"line":14,"column":37}},"1":{"start":{"line":16,"column":2},"end":{"line":19,"column":null}},"2":{"start":{"line":17,"column":4},"end":{"line":17,"column":null}},"3":{"start":{"line":18,"column":4},"end":{"line":18,"column":null}},"4":{"start":{"line":21,"column":2},"end":{"line":21,"column":null}},"5":{"start":{"line":21,"column":22},"end":{"line":21,"column":64}},"6":{"start":{"line":22,"column":2},"end":{"line":22,"column":null}},"7":{"start":{"line":24,"column":2},"end":{"line":24,"column":null}},"8":{"start":{"line":26,"column":2},"end":{"line":26,"column":null}}},"fnMap":{"0":{"name":"createApp","decl":{"start":{"line":13,"column":16},"end":{"line":13,"column":26}},"loc":{"start":{"line":13,"column":62},"end":{"line":26,"column":null}},"line":13},"1":{"name":"(anonymous_1)","decl":{"start":{"line":16,"column":15},"end":{"line":16,"column":22}},"loc":{"start":{"line":16,"column":34},"end":{"line":19,"column":null}},"line":16},"2":{"name":"(anonymous_2)","decl":{"start":{"line":21,"column":10},"end":{"line":21,"column":16}},"loc":{"start":{"line":21,"column":22},"end":{"line":21,"column":64}},"line":21}},"branchMap":{"0":{"loc":{"start":{"line":13,"column":26},"end":{"line":13,"column":60}},"type":"default-arg","locations":[{"start":{"line":13,"column":26},"end":{"line":13,"column":60}}],"line":13}},"s":{"0":1,"1":1,"2":13,"3":13,"4":1,"5":0,"6":1,"7":1,"8":1},"f":{"0":1,"1":13,"2":0},"b":{"0":[1]},"meta":{"lastBranch":1,"lastFunction":3,"lastStatement":9,"seen":{"f:13:16:13:26":0,"b:13:26:13:60":0,"s:14:14:14:37":0,"s:16:2:19:Infinity":1,"f:16:15:16:22":1,"s:17:4:17:Infinity":2,"s:18:4:18:Infinity":3,"s:21:2:21:Infinity":4,"f:21:10:21:16":2,"s:21:22:21:64":5,"s:22:2:22:Infinity":6,"s:24:2:24:Infinity":7,"s:26:2:26:Infinity":8}}}
,"/Users/mintsaniaina/Dev/task-manager/apps/api/src/db/database.ts": {"path":"/Users/mintsaniaina/Dev/task-manager/apps/api/src/db/database.ts","statementMap":{"0":{"start":{"line":5,"column":13},"end":{"line":5,"column":35}},"1":{"start":{"line":7,"column":2},"end":{"line":17,"column":null}},"2":{"start":{"line":19,"column":2},"end":{"line":19,"column":null}}},"fnMap":{"0":{"name":"createDb","decl":{"start":{"line":4,"column":16},"end":{"line":4,"column":25}},"loc":{"start":{"line":4,"column":66},"end":{"line":19,"column":null}},"line":4}},"branchMap":{"0":{"loc":{"start":{"line":4,"column":25},"end":{"line":4,"column":66}},"type":"default-arg","locations":[{"start":{"line":4,"column":44},"end":{"line":4,"column":66}}],"line":4}},"s":{"0":1,"1":1,"2":1},"f":{"0":1},"b":{"0":[1]},"meta":{"lastBranch":1,"lastFunction":1,"lastStatement":3,"seen":{"f:4:16:4:25":0,"b:4:44:4:66":0,"s:5:13:5:35":0,"s:7:2:17:Infinity":1,"s:19:2:19:Infinity":2}}}
,"/Users/mintsaniaina/Dev/task-manager/apps/api/src/db/task.repository.ts": {"path":"/Users/mintsaniaina/Dev/task-manager/apps/api/src/db/task.repository.ts","statementMap":{"0":{"start":{"line":5,"column":11},"end":{"line":5,"column":35}},"1":{"start":{"line":7,"column":0},"end":{"line":17,"column":null}},"2":{"start":{"line":20,"column":2},"end":{"line":28,"column":null}},"3":{"start":{"line":31,"column":30},"end":{"line":163,"column":null}},"4":{"start":{"line":38,"column":10},"end":{"line":38,"column":27}},"5":{"start":{"line":39,"column":16},"end":{"line":39,"column":40}},"6":{"start":{"line":41,"column":4},"end":{"line":52,"column":null}},"7":{"start":{"line":54,"column":4},"end":{"line":62,"column":null}},"8":{"start":{"line":66,"column":16},"end":{"line":66,"column":70}},"9":{"start":{"line":70,"column":4},"end":{"line":70,"column":null}},"10":{"start":{"line":70,"column":14},"end":{"line":70,"column":null}},"11":{"start":{"line":71,"column":4},"end":{"line":71,"column":null}},"12":{"start":{"line":83,"column":21},"end":{"line":83,"column":38}},"13":{"start":{"line":84,"column":4},"end":{"line":84,"column":null}},"14":{"start":{"line":84,"column":19},"end":{"line":84,"column":null}},"15":{"start":{"line":86,"column":26},"end":{"line":94,"column":null}},"16":{"start":{"line":96,"column":4},"end":{"line":107,"column":null}},"17":{"start":{"line":109,"column":4},"end":{"line":109,"column":null}},"18":{"start":{"line":113,"column":19},"end":{"line":113,"column":71}},"19":{"start":{"line":114,"column":4},"end":{"line":114,"column":null}},"20":{"start":{"line":125,"column":33},"end":{"line":125,"column":35}},"21":{"start":{"line":126,"column":43},"end":{"line":126,"column":45}},"22":{"start":{"line":128,"column":4},"end":{"line":130,"column":null}},"23":{"start":{"line":129,"column":6},"end":{"line":129,"column":null}},"24":{"start":{"line":130,"column":6},"end":{"line":130,"column":null}},"25":{"start":{"line":133,"column":4},"end":{"line":135,"column":null}},"26":{"start":{"line":134,"column":6},"end":{"line":134,"column":null}},"27":{"start":{"line":135,"column":6},"end":{"line":135,"column":null}},"28":{"start":{"line":138,"column":4},"end":{"line":145,"column":null}},"29":{"start":{"line":139,"column":23},"end":{"line":139,"column":null}},"30":{"start":{"line":140,"column":6},"end":{"line":140,"column":null}},"31":{"start":{"line":141,"column":6},"end":{"line":145,"column":null}},"32":{"start":{"line":149,"column":6},"end":{"line":149,"column":null}},"33":{"start":{"line":151,"column":18},"end":{"line":155,"column":null}},"34":{"start":{"line":159,"column":4},"end":{"line":159,"column":null}},"35":{"start":{"line":161,"column":17},"end":{"line":161,"column":49}},"36":{"start":{"line":163,"column":4},"end":{"line":163,"column":null}}},"fnMap":{"0":{"name":"mapRowToTask","decl":{"start":{"line":19,"column":9},"end":{"line":19,"column":22}},"loc":{"start":{"line":19,"column":58},"end":{"line":28,"column":null}},"line":19},"1":{"name":"(anonymous_1)","decl":{"start":{"line":32,"column":2},"end":{"line":32,"column":9}},"loc":{"start":{"line":37,"column":11},"end":{"line":62,"column":null}},"line":37},"2":{"name":"(anonymous_2)","decl":{"start":{"line":65,"column":2},"end":{"line":65,"column":11}},"loc":{"start":{"line":65,"column":36},"end":{"line":71,"column":null}},"line":65},"3":{"name":"(anonymous_3)","decl":{"start":{"line":74,"column":2},"end":{"line":74,"column":null}},"loc":{"start":{"line":82,"column":17},"end":{"line":109,"column":null}},"line":82},"4":{"name":"(anonymous_4)","decl":{"start":{"line":112,"column":2},"end":{"line":112,"column":9}},"loc":{"start":{"line":112,"column":30},"end":{"line":114,"column":null}},"line":112},"5":{"name":"(anonymous_5)","decl":{"start":{"line":117,"column":2},"end":{"line":117,"column":7}},"loc":{"start":{"line":124,"column":13},"end":{"line":163,"column":null}},"line":124}},"branchMap":{"0":{"loc":{"start":{"line":23,"column":17},"end":{"line":23,"column":null}},"type":"cond-expr","locations":[{"start":{"line":23,"column":35},"end":{"line":23,"column":58}},{"start":{"line":23,"column":61},"end":{"line":23,"column":null}}],"line":23},"1":{"loc":{"start":{"line":25,"column":13},"end":{"line":25,"column":null}},"type":"cond-expr","locations":[{"start":{"line":25,"column":27},"end":{"line":25,"column":46}},{"start":{"line":25,"column":49},"end":{"line":25,"column":null}}],"line":25},"2":{"loc":{"start":{"line":47,"column":6},"end":{"line":47,"column":null}},"type":"binary-expr","locations":[{"start":{"line":47,"column":6},"end":{"line":47,"column":27}},{"start":{"line":47,"column":27},"end":{"line":47,"column":null}}],"line":47},"3":{"loc":{"start":{"line":49,"column":6},"end":{"line":49,"column":null}},"type":"binary-expr","locations":[{"start":{"line":49,"column":6},"end":{"line":49,"column":23}},{"start":{"line":49,"column":23},"end":{"line":49,"column":null}}],"line":49},"4":{"loc":{"start":{"line":57,"column":19},"end":{"line":57,"column":null}},"type":"binary-expr","locations":[{"start":{"line":57,"column":19},"end":{"line":57,"column":40}},{"start":{"line":57,"column":40},"end":{"line":57,"column":null}}],"line":57},"5":{"loc":{"start":{"line":59,"column":15},"end":{"line":59,"column":null}},"type":"binary-expr","locations":[{"start":{"line":59,"column":15},"end":{"line":59,"column":32}},{"start":{"line":59,"column":32},"end":{"line":59,"column":null}}],"line":59},"6":{"loc":{"start":{"line":70,"column":4},"end":{"line":70,"column":null}},"type":"if","locations":[{"start":{"line":70,"column":4},"end":{"line":70,"column":null}},{"start":{},"end":{}}],"line":70},"7":{"loc":{"start":{"line":84,"column":4},"end":{"line":84,"column":null}},"type":"if","locations":[{"start":{"line":84,"column":4},"end":{"line":84,"column":null}},{"start":{},"end":{}}],"line":84},"8":{"loc":{"start":{"line":88,"column":13},"end":{"line":88,"column":null}},"type":"binary-expr","locations":[{"start":{"line":88,"column":13},"end":{"line":88,"column":28}},{"start":{"line":88,"column":28},"end":{"line":88,"column":null}}],"line":88},"9":{"loc":{"start":{"line":90,"column":8},"end":{"line":90,"column":null}},"type":"cond-expr","locations":[{"start":{"line":90,"column":42},"end":{"line":90,"column":62}},{"start":{"line":90,"column":62},"end":{"line":90,"column":null}}],"line":90},"10":{"loc":{"start":{"line":91,"column":14},"end":{"line":91,"column":null}},"type":"binary-expr","locations":[{"start":{"line":91,"column":14},"end":{"line":91,"column":30}},{"start":{"line":91,"column":30},"end":{"line":91,"column":null}}],"line":91},"11":{"loc":{"start":{"line":92,"column":15},"end":{"line":92,"column":null}},"type":"cond-expr","locations":[{"start":{"line":92,"column":45},"end":{"line":92,"column":61}},{"start":{"line":92,"column":61},"end":{"line":92,"column":null}}],"line":92},"12":{"loc":{"start":{"line":128,"column":4},"end":{"line":130,"column":null}},"type":"if","locations":[{"start":{"line":128,"column":4},"end":{"line":130,"column":null}},{"start":{},"end":{}}],"line":128},"13":{"loc":{"start":{"line":133,"column":4},"end":{"line":135,"column":null}},"type":"if","locations":[{"start":{"line":133,"column":4},"end":{"line":135,"column":null}},{"start":{},"end":{}}],"line":133},"14":{"loc":{"start":{"line":138,"column":4},"end":{"line":145,"column":null}},"type":"if","locations":[{"start":{"line":138,"column":4},"end":{"line":145,"column":null}},{"start":{},"end":{}}],"line":138},"15":{"loc":{"start":{"line":138,"column":8},"end":{"line":138,"column":60}},"type":"binary-expr","locations":[{"start":{"line":138,"column":8},"end":{"line":138,"column":29}},{"start":{"line":138,"column":29},"end":{"line":138,"column":60}}],"line":138},"16":{"loc":{"start":{"line":139,"column":23},"end":{"line":139,"column":null}},"type":"cond-expr","locations":[{"start":{"line":139,"column":53},"end":{"line":139,"column":59}},{"start":{"line":139,"column":59},"end":{"line":139,"column":null}}],"line":139},"17":{"loc":{"start":{"line":149,"column":6},"end":{"line":149,"column":null}},"type":"cond-expr","locations":[{"start":{"line":149,"column":30},"end":{"line":149,"column":68}},{"start":{"line":149,"column":68},"end":{"line":149,"column":null}}],"line":149}},"s":{"0":2,"1":2,"2":11,"3":2,"4":11,"5":11,"6":11,"7":11,"8":4,"9":4,"10":2,"11":2,"12":2,"13":2,"14":1,"15":1,"16":2,"17":2,"18":2,"19":2,"20":5,"21":5,"22":5,"23":1,"24":1,"25":5,"26":1,"27":1,"28":5,"29":1,"30":1,"31":1,"32":5,"33":5,"34":5,"35":5,"36":5},"f":{"0":11,"1":11,"2":4,"3":2,"4":2,"5":5},"b":{"0":[1,10],"1":[0,11],"2":[11,9],"3":[11,11],"4":[11,9],"5":[11,11],"6":[2,2],"7":[1,1],"8":[1,0],"9":[0,1],"10":[2,0],"11":[0,1],"12":[1,4],"13":[1,4],"14":[1,4],"15":[5,1],"16":[1,0],"17":[3,2]},"meta":{"lastBranch":18,"lastFunction":6,"lastStatement":37,"seen":{"s:5:11:5:35":0,"s:7:0:17:Infinity":1,"f:19:9:19:22":0,"s:20:2:28:Infinity":2,"b:23:35:23:58:23:61:23:Infinity":0,"b:25:27:25:46:25:49:25:Infinity":1,"s:31:30:163:Infinity":3,"f:32:2:32:9":1,"s:38:10:38:27":4,"s:39:16:39:40":5,"s:41:4:52:Infinity":6,"b:47:6:47:27:47:27:47:Infinity":2,"b:49:6:49:23:49:23:49:Infinity":3,"s:54:4:62:Infinity":7,"b:57:19:57:40:57:40:57:Infinity":4,"b:59:15:59:32:59:32:59:Infinity":5,"f:65:2:65:11":2,"s:66:16:66:70":8,"b:70:4:70:Infinity:undefined:undefined:undefined:undefined":6,"s:70:4:70:Infinity":9,"s:70:14:70:Infinity":10,"s:71:4:71:Infinity":11,"f:74:2:74:Infinity":3,"s:83:21:83:38":12,"b:84:4:84:Infinity:undefined:undefined:undefined:undefined":7,"s:84:4:84:Infinity":13,"s:84:19:84:Infinity":14,"s:86:26:94:Infinity":15,"b:88:13:88:28:88:28:88:Infinity":8,"b:90:42:90:62:90:62:90:Infinity":9,"b:91:14:91:30:91:30:91:Infinity":10,"b:92:45:92:61:92:61:92:Infinity":11,"s:96:4:107:Infinity":16,"s:109:4:109:Infinity":17,"f:112:2:112:9":4,"s:113:19:113:71":18,"s:114:4:114:Infinity":19,"f:117:2:117:7":5,"s:125:33:125:35":20,"s:126:43:126:45":21,"b:128:4:130:Infinity:undefined:undefined:undefined:undefined":12,"s:128:4:130:Infinity":22,"s:129:6:129:Infinity":23,"s:130:6:130:Infinity":24,"b:133:4:135:Infinity:undefined:undefined:undefined:undefined":13,"s:133:4:135:Infinity":25,"s:134:6:134:Infinity":26,"s:135:6:135:Infinity":27,"b:138:4:145:Infinity:undefined:undefined:undefined:undefined":14,"s:138:4:145:Infinity":28,"b:138:8:138:29:138:29:138:60":15,"s:139:23:139:Infinity":29,"b:139:53:139:59:139:59:139:Infinity":16,"s:140:6:140:Infinity":30,"s:141:6:145:Infinity":31,"s:149:6:149:Infinity":32,"b:149:30:149:68:149:68:149:Infinity":17,"s:151:18:155:Infinity":33,"s:159:4:159:Infinity":34,"s:161:17:161:49":35,"s:163:4:163:Infinity":36}}}
,"/Users/mintsaniaina/Dev/task-manager/apps/api/src/middleware/error.middleware.ts": {"path":"/Users/mintsaniaina/Dev/task-manager/apps/api/src/middleware/error.middleware.ts","statementMap":{"0":{"start":{"line":1,"column":13},"end":{"line":11,"column":null}},"1":{"start":{"line":2,"column":2},"end":{"line":11,"column":null}}},"fnMap":{"0":{"name":"(anonymous_0)","decl":{"start":{"line":1,"column":13},"end":{"line":1,"column":32}},"loc":{"start":{"line":1,"column":53},"end":{"line":11,"column":null}},"line":1}},"branchMap":{"0":{"loc":{"start":{"line":5,"column":14},"end":{"line":5,"column":null}},"type":"binary-expr","locations":[{"start":{"line":5,"column":14},"end":{"line":5,"column":26}},{"start":{"line":5,"column":26},"end":{"line":5,"column":null}}],"line":5},"1":{"loc":{"start":{"line":6,"column":17},"end":{"line":6,"column":null}},"type":"binary-expr","locations":[{"start":{"line":6,"column":17},"end":{"line":6,"column":32}},{"start":{"line":6,"column":32},"end":{"line":6,"column":null}}],"line":6},"2":{"loc":{"start":{"line":7,"column":17},"end":{"line":7,"column":null}},"type":"binary-expr","locations":[{"start":{"line":7,"column":17},"end":{"line":7,"column":32}},{"start":{"line":7,"column":32},"end":{"line":7,"column":null}}],"line":7},"3":{"loc":{"start":{"line":10,"column":4},"end":{"line":10,"column":null}},"type":"binary-expr","locations":[{"start":{"line":10,"column":4},"end":{"line":10,"column":18}},{"start":{"line":10,"column":18},"end":{"line":10,"column":null}}],"line":10}},"s":{"0":1,"1":5},"f":{"0":5},"b":{"0":[5,0],"1":[5,0],"2":[5,0],"3":[5,0]},"meta":{"lastBranch":4,"lastFunction":1,"lastStatement":2,"seen":{"s:1:13:11:Infinity":0,"f:1:13:1:32":0,"s:2:2:11:Infinity":1,"b:5:14:5:26:5:26:5:Infinity":0,"b:6:17:6:32:6:32:6:Infinity":1,"b:7:17:7:32:7:32:7:Infinity":2,"b:10:4:10:18:10:18:10:Infinity":3}}}
,"/Users/mintsaniaina/Dev/task-manager/apps/api/src/routes/tasks.route.ts": {"path":"/Users/mintsaniaina/Dev/task-manager/apps/api/src/routes/tasks.route.ts","statementMap":{"0":{"start":{"line":11,"column":26},"end":{"line":11,"column":36}},"1":{"start":{"line":13,"column":0},"end":{"line":43,"column":null}},"2":{"start":{"line":14,"column":17},"end":{"line":14,"column":61}},"3":{"start":{"line":16,"column":2},"end":{"line":19,"column":null}},"4":{"start":{"line":17,"column":4},"end":{"line":19,"column":null}},"5":{"start":{"line":22,"column":32},"end":{"line":26,"column":null}},"6":{"start":{"line":28,"column":2},"end":{"line":29,"column":null}},"7":{"start":{"line":29,"column":4},"end":{"line":29,"column":null}},"8":{"start":{"line":32,"column":2},"end":{"line":33,"column":null}},"9":{"start":{"line":33,"column":4},"end":{"line":33,"column":null}},"10":{"start":{"line":36,"column":2},"end":{"line":37,"column":null}},"11":{"start":{"line":37,"column":4},"end":{"line":37,"column":null}},"12":{"start":{"line":40,"column":17},"end":{"line":40,"column":45}},"13":{"start":{"line":42,"column":2},"end":{"line":42,"column":null}},"14":{"start":{"line":45,"column":0},"end":{"line":50,"column":null}},"15":{"start":{"line":46,"column":13},"end":{"line":46,"column":30}},"16":{"start":{"line":47,"column":15},"end":{"line":47,"column":42}},"17":{"start":{"line":49,"column":2},"end":{"line":49,"column":null}},"18":{"start":{"line":52,"column":0},"end":{"line":83,"column":null}},"19":{"start":{"line":53,"column":15},"end":{"line":53,"column":33}},"20":{"start":{"line":54,"column":17},"end":{"line":54,"column":49}},"21":{"start":{"line":56,"column":2},"end":{"line":59,"column":null}},"22":{"start":{"line":57,"column":4},"end":{"line":59,"column":null}},"23":{"start":{"line":67,"column":6},"end":{"line":70,"column":null}},"24":{"start":{"line":72,"column":2},"end":{"line":73,"column":null}},"25":{"start":{"line":73,"column":4},"end":{"line":73,"column":null}},"26":{"start":{"line":76,"column":2},"end":{"line":77,"column":null}},"27":{"start":{"line":77,"column":4},"end":{"line":77,"column":null}},"28":{"start":{"line":80,"column":15},"end":{"line":80,"column":49}},"29":{"start":{"line":82,"column":2},"end":{"line":82,"column":null}},"30":{"start":{"line":85,"column":0},"end":{"line":122,"column":null}},"31":{"start":{"line":86,"column":13},"end":{"line":86,"column":30}},"32":{"start":{"line":87,"column":15},"end":{"line":87,"column":33}},"33":{"start":{"line":88,"column":17},"end":{"line":88,"column":49}},"34":{"start":{"line":90,"column":2},"end":{"line":93,"column":null}},"35":{"start":{"line":91,"column":4},"end":{"line":93,"column":null}},"36":{"start":{"line":101,"column":6},"end":{"line":101,"column":8}},"37":{"start":{"line":103,"column":2},"end":{"line":104,"column":null}},"38":{"start":{"line":104,"column":4},"end":{"line":104,"column":null}},"39":{"start":{"line":107,"column":2},"end":{"line":108,"column":null}},"40":{"start":{"line":108,"column":4},"end":{"line":108,"column":null}},"41":{"start":{"line":111,"column":2},"end":{"line":112,"column":null}},"42":{"start":{"line":112,"column":4},"end":{"line":112,"column":null}},"43":{"start":{"line":115,"column":2},"end":{"line":116,"column":null}},"44":{"start":{"line":116,"column":4},"end":{"line":116,"column":null}},"45":{"start":{"line":119,"column":15},"end":{"line":119,"column":53}},"46":{"start":{"line":121,"column":2},"end":{"line":121,"column":null}},"47":{"start":{"line":123,"column":0},"end":{"line":127,"column":null}},"48":{"start":{"line":124,"column":13},"end":{"line":124,"column":30}},"49":{"start":{"line":125,"column":17},"end":{"line":125,"column":43}},"50":{"start":{"line":127,"column":2},"end":{"line":127,"column":null}}},"fnMap":{"0":{"name":"(anonymous_0)","decl":{"start":{"line":13,"column":15},"end":{"line":13,"column":21}},"loc":{"start":{"line":13,"column":27},"end":{"line":43,"column":null}},"line":13},"1":{"name":"(anonymous_1)","decl":{"start":{"line":45,"column":15},"end":{"line":45,"column":24}},"loc":{"start":{"line":45,"column":30},"end":{"line":50,"column":null}},"line":45},"2":{"name":"(anonymous_2)","decl":{"start":{"line":52,"column":21},"end":{"line":52,"column":28}},"loc":{"start":{"line":52,"column":34},"end":{"line":83,"column":null}},"line":52},"3":{"name":"(anonymous_3)","decl":{"start":{"line":85,"column":23},"end":{"line":85,"column":30}},"loc":{"start":{"line":85,"column":36},"end":{"line":122,"column":null}},"line":85},"4":{"name":"(anonymous_4)","decl":{"start":{"line":123,"column":18},"end":{"line":123,"column":27}},"loc":{"start":{"line":123,"column":33},"end":{"line":127,"column":null}},"line":123}},"branchMap":{"0":{"loc":{"start":{"line":16,"column":2},"end":{"line":19,"column":null}},"type":"if","locations":[{"start":{"line":16,"column":2},"end":{"line":19,"column":null}},{"start":{},"end":{}}],"line":16},"1":{"loc":{"start":{"line":28,"column":2},"end":{"line":29,"column":null}},"type":"if","locations":[{"start":{"line":28,"column":2},"end":{"line":29,"column":null}},{"start":{},"end":{}}],"line":28},"2":{"loc":{"start":{"line":32,"column":2},"end":{"line":33,"column":null}},"type":"if","locations":[{"start":{"line":32,"column":2},"end":{"line":33,"column":null}},{"start":{},"end":{}}],"line":32},"3":{"loc":{"start":{"line":36,"column":2},"end":{"line":37,"column":null}},"type":"if","locations":[{"start":{"line":36,"column":2},"end":{"line":37,"column":null}},{"start":{},"end":{}}],"line":36},"4":{"loc":{"start":{"line":56,"column":2},"end":{"line":59,"column":null}},"type":"if","locations":[{"start":{"line":56,"column":2},"end":{"line":59,"column":null}},{"start":{},"end":{}}],"line":56},"5":{"loc":{"start":{"line":72,"column":2},"end":{"line":73,"column":null}},"type":"if","locations":[{"start":{"line":72,"column":2},"end":{"line":73,"column":null}},{"start":{},"end":{}}],"line":72},"6":{"loc":{"start":{"line":76,"column":2},"end":{"line":77,"column":null}},"type":"if","locations":[{"start":{"line":76,"column":2},"end":{"line":77,"column":null}},{"start":{},"end":{}}],"line":76},"7":{"loc":{"start":{"line":90,"column":2},"end":{"line":93,"column":null}},"type":"if","locations":[{"start":{"line":90,"column":2},"end":{"line":93,"column":null}},{"start":{},"end":{}}],"line":90},"8":{"loc":{"start":{"line":103,"column":2},"end":{"line":104,"column":null}},"type":"if","locations":[{"start":{"line":103,"column":2},"end":{"line":104,"column":null}},{"start":{},"end":{}}],"line":103},"9":{"loc":{"start":{"line":107,"column":2},"end":{"line":108,"column":null}},"type":"if","locations":[{"start":{"line":107,"column":2},"end":{"line":108,"column":null}},{"start":{},"end":{}}],"line":107},"10":{"loc":{"start":{"line":111,"column":2},"end":{"line":112,"column":null}},"type":"if","locations":[{"start":{"line":111,"column":2},"end":{"line":112,"column":null}},{"start":{},"end":{}}],"line":111},"11":{"loc":{"start":{"line":115,"column":2},"end":{"line":116,"column":null}},"type":"if","locations":[{"start":{"line":115,"column":2},"end":{"line":116,"column":null}},{"start":{},"end":{}}],"line":115}},"s":{"0":1,"1":1,"2":2,"3":2,"4":1,"5":1,"6":1,"7":0,"8":1,"9":0,"10":1,"11":0,"12":1,"13":1,"14":1,"15":2,"16":2,"17":2,"18":1,"19":5,"20":5,"21":5,"22":1,"23":4,"24":4,"25":0,"26":4,"27":0,"28":4,"29":4,"30":1,"31":2,"32":2,"33":2,"34":2,"35":0,"36":2,"37":2,"38":1,"39":2,"40":0,"41":2,"42":2,"43":2,"44":0,"45":2,"46":2,"47":1,"48":2,"49":2,"50":2},"f":{"0":2,"1":2,"2":5,"3":2,"4":2},"b":{"0":[1,1],"1":[0,1],"2":[0,1],"3":[0,1],"4":[1,4],"5":[0,4],"6":[0,4],"7":[0,2],"8":[1,1],"9":[0,2],"10":[2,0],"11":[0,2]},"meta":{"lastBranch":12,"lastFunction":5,"lastStatement":51,"seen":{"s:11:26:11:36":0,"s:13:0:43:Infinity":1,"f:13:15:13:21":0,"s:14:17:14:61":2,"b:16:2:19:Infinity:undefined:undefined:undefined:undefined":0,"s:16:2:19:Infinity":3,"s:17:4:19:Infinity":4,"s:22:32:26:Infinity":5,"b:28:2:29:Infinity:undefined:undefined:undefined:undefined":1,"s:28:2:29:Infinity":6,"s:29:4:29:Infinity":7,"b:32:2:33:Infinity:undefined:undefined:undefined:undefined":2,"s:32:2:33:Infinity":8,"s:33:4:33:Infinity":9,"b:36:2:37:Infinity:undefined:undefined:undefined:undefined":3,"s:36:2:37:Infinity":10,"s:37:4:37:Infinity":11,"s:40:17:40:45":12,"s:42:2:42:Infinity":13,"s:45:0:50:Infinity":14,"f:45:15:45:24":1,"s:46:13:46:30":15,"s:47:15:47:42":16,"s:49:2:49:Infinity":17,"s:52:0:83:Infinity":18,"f:52:21:52:28":2,"s:53:15:53:33":19,"s:54:17:54:49":20,"b:56:2:59:Infinity:undefined:undefined:undefined:undefined":4,"s:56:2:59:Infinity":21,"s:57:4:59:Infinity":22,"s:67:6:70:Infinity":23,"b:72:2:73:Infinity:undefined:undefined:undefined:undefined":5,"s:72:2:73:Infinity":24,"s:73:4:73:Infinity":25,"b:76:2:77:Infinity:undefined:undefined:undefined:undefined":6,"s:76:2:77:Infinity":26,"s:77:4:77:Infinity":27,"s:80:15:80:49":28,"s:82:2:82:Infinity":29,"s:85:0:122:Infinity":30,"f:85:23:85:30":3,"s:86:13:86:30":31,"s:87:15:87:33":32,"s:88:17:88:49":33,"b:90:2:93:Infinity:undefined:undefined:undefined:undefined":7,"s:90:2:93:Infinity":34,"s:91:4:93:Infinity":35,"s:101:6:101:8":36,"b:103:2:104:Infinity:undefined:undefined:undefined:undefined":8,"s:103:2:104:Infinity":37,"s:104:4:104:Infinity":38,"b:107:2:108:Infinity:undefined:undefined:undefined:undefined":9,"s:107:2:108:Infinity":39,"s:108:4:108:Infinity":40,"b:111:2:112:Infinity:undefined:undefined:undefined:undefined":10,"s:111:2:112:Infinity":41,"s:112:4:112:Infinity":42,"b:115:2:116:Infinity:undefined:undefined:undefined:undefined":11,"s:115:2:116:Infinity":43,"s:116:4:116:Infinity":44,"s:119:15:119:53":45,"s:121:2:121:Infinity":46,"s:123:0:127:Infinity":47,"f:123:18:123:27":4,"s:124:13:124:30":48,"s:125:17:125:43":49,"s:127:2:127:Infinity":50}}}
,"/Users/mintsaniaina/Dev/task-manager/apps/api/src/schemas/task.schema.ts": {"path":"/Users/mintsaniaina/Dev/task-manager/apps/api/src/schemas/task.schema.ts","statementMap":{"0":{"start":{"line":3,"column":32},"end":{"line":3,"column":71}},"1":{"start":{"line":5,"column":32},"end":{"line":10,"column":2}},"2":{"start":{"line":12,"column":32},"end":{"line":17,"column":2}},"3":{"start":{"line":19,"column":35},"end":{"line":26,"column":null}}},"fnMap":{},"branchMap":{},"s":{"0":1,"1":1,"2":1,"3":1},"f":{},"b":{},"meta":{"lastBranch":0,"lastFunction":0,"lastStatement":4,"seen":{"s:3:32:3:71":0,"s:5:32:10:2":1,"s:12:32:17:2":2,"s:19:35:26:Infinity":3}}}
,"/Users/mintsaniaina/Dev/task-manager/apps/api/src/services/cursor.service.ts": {"path":"/Users/mintsaniaina/Dev/task-manager/apps/api/src/services/cursor.service.ts","statementMap":{"0":{"start":{"line":5,"column":2},"end":{"line":5,"column":null}},"1":{"start":{"line":9,"column":2},"end":{"line":20,"column":null}},"2":{"start":{"line":10,"column":19},"end":{"line":11,"column":null}},"3":{"start":{"line":14,"column":4},"end":{"line":15,"column":null}},"4":{"start":{"line":15,"column":6},"end":{"line":15,"column":null}},"5":{"start":{"line":18,"column":4},"end":{"line":18,"column":null}},"6":{"start":{"line":20,"column":4},"end":{"line":20,"column":null}}},"fnMap":{"0":{"name":"encodeCursor","decl":{"start":{"line":4,"column":16},"end":{"line":4,"column":29}},"loc":{"start":{"line":4,"column":65},"end":{"line":5,"column":null}},"line":4},"1":{"name":"decodeCursor","decl":{"start":{"line":8,"column":16},"end":{"line":8,"column":29}},"loc":{"start":{"line":8,"column":64},"end":{"line":20,"column":null}},"line":8}},"branchMap":{"0":{"loc":{"start":{"line":14,"column":4},"end":{"line":15,"column":null}},"type":"if","locations":[{"start":{"line":14,"column":4},"end":{"line":15,"column":null}},{"start":{},"end":{}}],"line":14},"1":{"loc":{"start":{"line":14,"column":8},"end":{"line":14,"column":41}},"type":"binary-expr","locations":[{"start":{"line":14,"column":8},"end":{"line":14,"column":29}},{"start":{"line":14,"column":29},"end":{"line":14,"column":41}}],"line":14}},"s":{"0":1,"1":2,"2":2,"3":2,"4":0,"5":1,"6":1},"f":{"0":1,"1":2},"b":{"0":[0,2],"1":[2,1]},"meta":{"lastBranch":2,"lastFunction":2,"lastStatement":7,"seen":{"f:4:16:4:29":0,"s:5:2:5:Infinity":0,"f:8:16:8:29":1,"s:9:2:20:Infinity":1,"s:10:19:11:Infinity":2,"b:14:4:15:Infinity:undefined:undefined:undefined:undefined":0,"s:14:4:15:Infinity":3,"b:14:8:14:29:14:29:14:41":1,"s:15:6:15:Infinity":4,"s:18:4:18:Infinity":5,"s:20:4:20:Infinity":6}}}
,"/Users/mintsaniaina/Dev/task-manager/apps/api/src/services/task.service.ts": {"path":"/Users/mintsaniaina/Dev/task-manager/apps/api/src/services/task.service.ts","statementMap":{"0":{"start":{"line":6,"column":27},"end":{"line":103,"column":null}},"1":{"start":{"line":13,"column":4},"end":{"line":13,"column":null}},"2":{"start":{"line":17,"column":17},"end":{"line":17,"column":44}},"3":{"start":{"line":19,"column":4},"end":{"line":20,"column":null}},"4":{"start":{"line":20,"column":6},"end":{"line":20,"column":null}},"5":{"start":{"line":23,"column":4},"end":{"line":23,"column":null}},"6":{"start":{"line":35,"column":17},"end":{"line":35,"column":49}},"7":{"start":{"line":37,"column":4},"end":{"line":38,"column":null}},"8":{"start":{"line":38,"column":6},"end":{"line":38,"column":null}},"9":{"start":{"line":41,"column":4},"end":{"line":41,"column":null}},"10":{"start":{"line":45,"column":20},"end":{"line":45,"column":45}},"11":{"start":{"line":47,"column":4},"end":{"line":48,"column":null}},"12":{"start":{"line":48,"column":6},"end":{"line":48,"column":null}},"13":{"start":{"line":51,"column":4},"end":{"line":51,"column":null}},"14":{"start":{"line":55,"column":23},"end":{"line":55,"column":null}},"15":{"start":{"line":64,"column":8},"end":{"line":68,"column":null}},"16":{"start":{"line":70,"column":4},"end":{"line":71,"column":null}},"17":{"start":{"line":71,"column":6},"end":{"line":71,"column":null}},"18":{"start":{"line":74,"column":4},"end":{"line":75,"column":null}},"19":{"start":{"line":75,"column":6},"end":{"line":75,"column":null}},"20":{"start":{"line":78,"column":4},"end":{"line":79,"column":null}},"21":{"start":{"line":79,"column":6},"end":{"line":79,"column":null}},"22":{"start":{"line":82,"column":18},"end":{"line":82,"column":49}},"23":{"start":{"line":84,"column":20},"end":{"line":84,"column":null}},"24":{"start":{"line":85,"column":18},"end":{"line":85,"column":null}},"25":{"start":{"line":87,"column":21},"end":{"line":87,"column":null}},"26":{"start":{"line":90,"column":6},"end":{"line":95,"column":null}},"27":{"start":{"line":97,"column":4},"end":{"line":103,"column":null}}},"fnMap":{"0":{"name":"(anonymous_0)","decl":{"start":{"line":7,"column":2},"end":{"line":7,"column":13}},"loc":{"start":{"line":12,"column":5},"end":{"line":13,"column":null}},"line":12},"1":{"name":"(anonymous_1)","decl":{"start":{"line":16,"column":2},"end":{"line":16,"column":14}},"loc":{"start":{"line":16,"column":26},"end":{"line":23,"column":null}},"line":16},"2":{"name":"(anonymous_2)","decl":{"start":{"line":26,"column":2},"end":{"line":26,"column":null}},"loc":{"start":{"line":34,"column":4},"end":{"line":41,"column":null}},"line":34},"3":{"name":"(anonymous_3)","decl":{"start":{"line":44,"column":2},"end":{"line":44,"column":13}},"loc":{"start":{"line":44,"column":25},"end":{"line":51,"column":null}},"line":44},"4":{"name":"(anonymous_4)","decl":{"start":{"line":54,"column":2},"end":{"line":54,"column":12}},"loc":{"start":{"line":54,"column":36},"end":{"line":103,"column":null}},"line":54}},"branchMap":{"0":{"loc":{"start":{"line":19,"column":4},"end":{"line":20,"column":null}},"type":"if","locations":[{"start":{"line":19,"column":4},"end":{"line":20,"column":null}},{"start":{},"end":{}}],"line":19},"1":{"loc":{"start":{"line":37,"column":4},"end":{"line":38,"column":null}},"type":"if","locations":[{"start":{"line":37,"column":4},"end":{"line":38,"column":null}},{"start":{},"end":{}}],"line":37},"2":{"loc":{"start":{"line":47,"column":4},"end":{"line":48,"column":null}},"type":"if","locations":[{"start":{"line":47,"column":4},"end":{"line":48,"column":null}},{"start":{},"end":{}}],"line":47},"3":{"loc":{"start":{"line":55,"column":23},"end":{"line":55,"column":null}},"type":"cond-expr","locations":[{"start":{"line":55,"column":30},"end":{"line":55,"column":66}},{"start":{"line":55,"column":69},"end":{"line":55,"column":null}}],"line":55},"4":{"loc":{"start":{"line":65,"column":14},"end":{"line":65,"column":null}},"type":"binary-expr","locations":[{"start":{"line":65,"column":14},"end":{"line":65,"column":31}},{"start":{"line":65,"column":31},"end":{"line":65,"column":null}}],"line":65},"5":{"loc":{"start":{"line":66,"column":17},"end":{"line":66,"column":null}},"type":"binary-expr","locations":[{"start":{"line":66,"column":17},"end":{"line":66,"column":37}},{"start":{"line":66,"column":37},"end":{"line":66,"column":null}}],"line":66},"6":{"loc":{"start":{"line":70,"column":4},"end":{"line":71,"column":null}},"type":"if","locations":[{"start":{"line":70,"column":4},"end":{"line":71,"column":null}},{"start":{},"end":{}}],"line":70},"7":{"loc":{"start":{"line":74,"column":4},"end":{"line":75,"column":null}},"type":"if","locations":[{"start":{"line":74,"column":4},"end":{"line":75,"column":null}},{"start":{},"end":{}}],"line":74},"8":{"loc":{"start":{"line":78,"column":4},"end":{"line":79,"column":null}},"type":"if","locations":[{"start":{"line":78,"column":4},"end":{"line":79,"column":null}},{"start":{},"end":{}}],"line":78},"9":{"loc":{"start":{"line":85,"column":18},"end":{"line":85,"column":null}},"type":"cond-expr","locations":[{"start":{"line":85,"column":28},"end":{"line":85,"column":56}},{"start":{"line":85,"column":59},"end":{"line":85,"column":null}}],"line":85},"10":{"loc":{"start":{"line":90,"column":6},"end":{"line":95,"column":null}},"type":"cond-expr","locations":[{"start":{"line":90,"column":64},"end":{"line":94,"column":12}},{"start":{"line":95,"column":10},"end":{"line":95,"column":null}}],"line":90},"11":{"loc":{"start":{"line":90,"column":6},"end":{"line":90,"column":null}},"type":"binary-expr","locations":[{"start":{"line":90,"column":6},"end":{"line":90,"column":17}},{"start":{"line":90,"column":17},"end":{"line":90,"column":30}},{"start":{"line":90,"column":17},"end":{"line":90,"column":null}}],"line":90},"12":{"loc":{"start":{"line":90,"column":30},"end":{"line":90,"column":64}},"type":"binary-expr","locations":[{"start":{"line":90,"column":30},"end":{"line":90,"column":47}},{"start":{"line":90,"column":47},"end":{"line":90,"column":64}}],"line":90}},"s":{"0":2,"1":4,"2":4,"3":4,"4":2,"5":2,"6":4,"7":4,"8":2,"9":2,"10":4,"11":4,"12":2,"13":2,"14":3,"15":3,"16":3,"17":1,"18":3,"19":1,"20":3,"21":1,"22":3,"23":3,"24":3,"25":3,"26":3,"27":3},"f":{"0":4,"1":4,"2":4,"3":4,"4":3},"b":{"0":[2,2],"1":[2,2],"2":[2,2],"3":[1,2],"4":[3,0],"5":[3,0],"6":[1,2],"7":[1,2],"8":[1,2],"9":[1,2],"10":[1,2],"11":[3,1,1],"12":[1,0]},"meta":{"lastBranch":13,"lastFunction":5,"lastStatement":28,"seen":{"s:6:27:103:Infinity":0,"f:7:2:7:13":0,"s:13:4:13:Infinity":1,"f:16:2:16:14":1,"s:17:17:17:44":2,"b:19:4:20:Infinity:undefined:undefined:undefined:undefined":0,"s:19:4:20:Infinity":3,"s:20:6:20:Infinity":4,"s:23:4:23:Infinity":5,"f:26:2:26:Infinity":2,"s:35:17:35:49":6,"b:37:4:38:Infinity:undefined:undefined:undefined:undefined":1,"s:37:4:38:Infinity":7,"s:38:6:38:Infinity":8,"s:41:4:41:Infinity":9,"f:44:2:44:13":3,"s:45:20:45:45":10,"b:47:4:48:Infinity:undefined:undefined:undefined:undefined":2,"s:47:4:48:Infinity":11,"s:48:6:48:Infinity":12,"s:51:4:51:Infinity":13,"f:54:2:54:12":4,"s:55:23:55:Infinity":14,"b:55:30:55:66:55:69:55:Infinity":3,"s:64:8:68:Infinity":15,"b:65:14:65:31:65:31:65:Infinity":4,"b:66:17:66:37:66:37:66:Infinity":5,"b:70:4:71:Infinity:undefined:undefined:undefined:undefined":6,"s:70:4:71:Infinity":16,"s:71:6:71:Infinity":17,"b:74:4:75:Infinity:undefined:undefined:undefined:undefined":7,"s:74:4:75:Infinity":18,"s:75:6:75:Infinity":19,"b:78:4:79:Infinity:undefined:undefined:undefined:undefined":8,"s:78:4:79:Infinity":20,"s:79:6:79:Infinity":21,"s:82:18:82:49":22,"s:84:20:84:Infinity":23,"s:85:18:85:Infinity":24,"b:85:28:85:56:85:59:85:Infinity":9,"s:87:21:87:Infinity":25,"s:90:6:95:Infinity":26,"b:90:64:94:12:95:10:95:Infinity":10,"b:90:6:90:17:90:17:90:30:90:17:90:Infinity":11,"b:90:30:90:47:90:47:90:64":12,"s:97:4:103:Infinity":27}}}
,"/Users/mintsaniaina/Dev/task-manager/apps/api/src/types/error.types.ts": {"path":"/Users/mintsaniaina/Dev/task-manager/apps/api/src/types/error.types.ts","statementMap":{"0":{"start":{"line":20,"column":4},"end":{"line":20,"column":null}},"1":{"start":{"line":21,"column":4},"end":{"line":21,"column":null}},"2":{"start":{"line":22,"column":4},"end":{"line":22,"column":null}},"3":{"start":{"line":23,"column":4},"end":{"line":23,"column":null}}},"fnMap":{"0":{"name":"(anonymous_0)","decl":{"start":{"line":14,"column":2},"end":{"line":14,"column":null}},"loc":{"start":{"line":19,"column":4},"end":{"line":23,"column":null}},"line":19}},"branchMap":{"0":{"loc":{"start":{"line":18,"column":4},"end":{"line":18,"column":41}},"type":"default-arg","locations":[{"start":{"line":18,"column":39},"end":{"line":18,"column":41}}],"line":18}},"s":{"0":9,"1":9,"2":9,"3":9},"f":{"0":9},"b":{"0":[9]},"meta":{"lastBranch":1,"lastFunction":1,"lastStatement":4,"seen":{"f:14:2:14:Infinity":0,"b:18:39:18:41":0,"s:20:4:20:Infinity":0,"s:21:4:21:Infinity":1,"s:22:4:22:Infinity":2,"s:23:4:23:Infinity":3}}}
,"/Users/mintsaniaina/Dev/task-manager/apps/api/src/types/task.types.ts": {"path":"/Users/mintsaniaina/Dev/task-manager/apps/api/src/types/task.types.ts","statementMap":{},"fnMap":{},"branchMap":{},"s":{},"f":{},"b":{},"meta":{"lastBranch":0,"lastFunction":0,"lastStatement":0,"seen":{}}}
}
